<?xml version="1.0" ?>
<coverage version="7.10.7" timestamp="1759456663560" lines-valid="408" lines-covered="298" line-rate="0.7304" branches-valid="70" branches-covered="17" branch-rate="0.2429" complexity="0">
	<!-- Generated by coverage.py: https://coverage.readthedocs.io/en/7.10.7 -->
	<!-- Based on https://raw.githubusercontent.com/cobertura/web/master/htdocs/xml/coverage-04.dtd -->
	<sources>
		<source>/root/prompt-playground/backend</source>
	</sources>
	<packages>
		<package name="." line-rate="0.8168" branch-rate="0.1667" complexity="0">
			<classes>
				<class name="config.py" filename="config.py" complexity="0" line-rate="0.9394" branch-rate="1">
					<methods/>
					<lines>
						<line number="5" hits="1"/>
						<line number="6" hits="1"/>
						<line number="7" hits="1"/>
						<line number="10" hits="1"/>
						<line number="14" hits="1"/>
						<line number="15" hits="1"/>
						<line number="16" hits="1"/>
						<line number="19" hits="1"/>
						<line number="20" hits="1"/>
						<line number="23" hits="1"/>
						<line number="24" hits="1"/>
						<line number="27" hits="1"/>
						<line number="30" hits="1"/>
						<line number="33" hits="1"/>
						<line number="34" hits="1"/>
						<line number="35" hits="1"/>
						<line number="36" hits="1"/>
						<line number="39" hits="1"/>
						<line number="40" hits="1"/>
						<line number="41" hits="1"/>
						<line number="44" hits="1"/>
						<line number="45" hits="1"/>
						<line number="46" hits="1"/>
						<line number="48" hits="1"/>
						<line number="49" hits="1"/>
						<line number="50" hits="1"/>
						<line number="52" hits="1"/>
						<line number="54" hits="1"/>
						<line number="56" hits="1"/>
						<line number="58" hits="0"/>
						<line number="60" hits="1"/>
						<line number="62" hits="0"/>
						<line number="66" hits="1"/>
					</lines>
				</class>
				<class name="main.py" filename="main.py" complexity="0" line-rate="0.8483" branch-rate="0.3333">
					<methods/>
					<lines>
						<line number="6" hits="1"/>
						<line number="7" hits="1"/>
						<line number="8" hits="1"/>
						<line number="9" hits="1"/>
						<line number="10" hits="1"/>
						<line number="11" hits="1"/>
						<line number="12" hits="1"/>
						<line number="13" hits="1"/>
						<line number="14" hits="1"/>
						<line number="15" hits="1"/>
						<line number="16" hits="1"/>
						<line number="17" hits="1"/>
						<line number="18" hits="1"/>
						<line number="20" hits="1"/>
						<line number="21" hits="1"/>
						<line number="22" hits="1"/>
						<line number="23" hits="1"/>
						<line number="24" hits="1"/>
						<line number="25" hits="1"/>
						<line number="28" hits="1"/>
						<line number="31" hits="1"/>
						<line number="36" hits="1"/>
						<line number="39" hits="1"/>
						<line number="46" hits="1"/>
						<line number="47" hits="1"/>
						<line number="51" hits="1"/>
						<line number="54" hits="1"/>
						<line number="55" hits="1"/>
						<line number="58" hits="1"/>
						<line number="69" hits="1"/>
						<line number="71" hits="1"/>
						<line number="72" hits="1"/>
						<line number="73" hits="1"/>
						<line number="74" hits="1"/>
						<line number="75" hits="1"/>
						<line number="76" hits="1"/>
						<line number="79" hits="1"/>
						<line number="81" hits="1"/>
						<line number="82" hits="1"/>
						<line number="83" hits="1"/>
						<line number="84" hits="1"/>
						<line number="85" hits="1"/>
						<line number="86" hits="1"/>
						<line number="87" hits="1"/>
						<line number="88" hits="1"/>
						<line number="91" hits="1"/>
						<line number="93" hits="1"/>
						<line number="94" hits="1"/>
						<line number="95" hits="1"/>
						<line number="96" hits="1"/>
						<line number="97" hits="1"/>
						<line number="100" hits="1"/>
						<line number="102" hits="1"/>
						<line number="103" hits="1"/>
						<line number="106" hits="1"/>
						<line number="108" hits="1"/>
						<line number="109" hits="1"/>
						<line number="110" hits="1"/>
						<line number="111" hits="1"/>
						<line number="112" hits="1"/>
						<line number="117" hits="1"/>
						<line number="118" hits="1"/>
						<line number="120" hits="1"/>
						<line number="121" hits="1"/>
						<line number="128" hits="1"/>
						<line number="129" hits="1"/>
						<line number="131" hits="1"/>
						<line number="138" hits="1"/>
						<line number="139" hits="1"/>
						<line number="141" hits="1"/>
						<line number="144" hits="1"/>
						<line number="145" hits="1"/>
						<line number="147" hits="1"/>
						<line number="149" hits="1"/>
						<line number="162" hits="1"/>
						<line number="163" hits="1"/>
						<line number="165" hits="1"/>
						<line number="167" hits="1"/>
						<line number="178" hits="1"/>
						<line number="179" hits="1"/>
						<line number="181" hits="1"/>
						<line number="182" hits="1"/>
						<line number="183" hits="1"/>
						<line number="193" hits="1"/>
						<line number="194" hits="1"/>
						<line number="197" hits="1"/>
						<line number="198" hits="1"/>
						<line number="200" hits="1"/>
						<line number="201" hits="1"/>
						<line number="202" hits="1"/>
						<line number="204" hits="1"/>
						<line number="211" hits="1"/>
						<line number="212" hits="1"/>
						<line number="215" hits="1"/>
						<line number="216" hits="1"/>
						<line number="217" hits="1"/>
						<line number="221" hits="1"/>
						<line number="222" hits="1"/>
						<line number="224" hits="1"/>
						<line number="226" hits="1"/>
						<line number="227" hits="1"/>
						<line number="229" hits="1" branch="true" condition-coverage="50% (1/2)" missing-branches="230"/>
						<line number="230" hits="0"/>
						<line number="232" hits="0"/>
						<line number="234" hits="0"/>
						<line number="235" hits="0" branch="true" condition-coverage="0% (0/2)" missing-branches="236,239"/>
						<line number="236" hits="0"/>
						<line number="239" hits="0"/>
						<line number="240" hits="0"/>
						<line number="248" hits="0"/>
						<line number="249" hits="0"/>
						<line number="254" hits="0"/>
						<line number="257" hits="0"/>
						<line number="258" hits="0"/>
						<line number="259" hits="0"/>
						<line number="260" hits="0"/>
						<line number="262" hits="0"/>
						<line number="264" hits="0"/>
						<line number="274" hits="0"/>
						<line number="275" hits="0"/>
						<line number="276" hits="0"/>
						<line number="278" hits="0"/>
						<line number="290" hits="1"/>
						<line number="292" hits="1"/>
						<line number="293" hits="1"/>
						<line number="295" hits="1" branch="true" condition-coverage="50% (1/2)" missing-branches="296"/>
						<line number="296" hits="0"/>
						<line number="297" hits="0"/>
						<line number="299" hits="1"/>
						<line number="300" hits="1"/>
						<line number="302" hits="1"/>
						<line number="304" hits="1"/>
						<line number="313" hits="1"/>
						<line number="314" hits="1"/>
						<line number="316" hits="1"/>
						<line number="318" hits="1"/>
						<line number="328" hits="1"/>
						<line number="329" hits="1"/>
						<line number="331" hits="1"/>
						<line number="335" hits="1"/>
						<line number="336" hits="1"/>
						<line number="337" hits="1"/>
						<line number="339" hits="1"/>
						<line number="340" hits="1"/>
						<line number="342" hits="1"/>
					</lines>
				</class>
				<class name="metrics.py" filename="metrics.py" complexity="0" line-rate="0.6176" branch-rate="0.1333">
					<methods/>
					<lines>
						<line number="5" hits="1"/>
						<line number="6" hits="1"/>
						<line number="7" hits="1"/>
						<line number="8" hits="1"/>
						<line number="10" hits="1"/>
						<line number="13" hits="1"/>
						<line number="14" hits="1"/>
						<line number="18" hits="1"/>
						<line number="19" hits="1"/>
						<line number="20" hits="1"/>
						<line number="21" hits="1"/>
						<line number="24" hits="1"/>
						<line number="25" hits="1"/>
						<line number="26" hits="1"/>
						<line number="27" hits="1"/>
						<line number="30" hits="1"/>
						<line number="31" hits="1"/>
						<line number="32" hits="1"/>
						<line number="33" hits="1"/>
						<line number="34" hits="1"/>
						<line number="37" hits="1"/>
						<line number="38" hits="1"/>
						<line number="41" hits="1"/>
						<line number="42" hits="1"/>
						<line number="43" hits="1"/>
						<line number="46" hits="1"/>
						<line number="48" hits="1"/>
						<line number="50" hits="1"/>
						<line number="51" hits="1" branch="true" condition-coverage="50% (1/2)" missing-branches="52"/>
						<line number="52" hits="0"/>
						<line number="53" hits="1" branch="true" condition-coverage="50% (1/2)" missing-branches="54"/>
						<line number="54" hits="0"/>
						<line number="55" hits="1" branch="true" condition-coverage="50% (1/2)" missing-branches="56"/>
						<line number="56" hits="0"/>
						<line number="58" hits="1"/>
						<line number="60" hits="0" branch="true" condition-coverage="0% (0/2)" missing-branches="61,70"/>
						<line number="61" hits="0"/>
						<line number="62" hits="0" branch="true" condition-coverage="0% (0/2)" missing-branches="exit,63"/>
						<line number="63" hits="0" branch="true" condition-coverage="0% (0/2)" missing-branches="64,65"/>
						<line number="64" hits="0"/>
						<line number="65" hits="0" branch="true" condition-coverage="0% (0/2)" missing-branches="66,67"/>
						<line number="66" hits="0"/>
						<line number="67" hits="0" branch="true" condition-coverage="0% (0/2)" missing-branches="62,68"/>
						<line number="68" hits="0"/>
						<line number="70" hits="0"/>
						<line number="72" hits="1"/>
						<line number="74" hits="0" branch="true" condition-coverage="0% (0/2)" missing-branches="75,82"/>
						<line number="75" hits="0"/>
						<line number="76" hits="0" branch="true" condition-coverage="0% (0/2)" missing-branches="exit,77"/>
						<line number="77" hits="0" branch="true" condition-coverage="0% (0/2)" missing-branches="78,79"/>
						<line number="78" hits="0"/>
						<line number="79" hits="0" branch="true" condition-coverage="0% (0/2)" missing-branches="76,80"/>
						<line number="80" hits="0"/>
						<line number="82" hits="0"/>
						<line number="84" hits="1"/>
						<line number="86" hits="1"/>
						<line number="87" hits="1" branch="true" condition-coverage="50% (1/2)" missing-branches="exit"/>
						<line number="88" hits="1"/>
						<line number="90" hits="1"/>
						<line number="92" hits="0"/>
						<line number="93" hits="0" branch="true" condition-coverage="0% (0/2)" missing-branches="94,95"/>
						<line number="94" hits="0"/>
						<line number="95" hits="0" branch="true" condition-coverage="0% (0/2)" missing-branches="exit,96"/>
						<line number="96" hits="0"/>
						<line number="98" hits="1"/>
						<line number="100" hits="1"/>
						<line number="102" hits="1"/>
						<line number="142" hits="1"/>
					</lines>
				</class>
				<class name="middleware.py" filename="middleware.py" complexity="0" line-rate="1" branch-rate="1">
					<methods/>
					<lines>
						<line number="5" hits="1"/>
						<line number="6" hits="1"/>
						<line number="7" hits="1"/>
						<line number="8" hits="1"/>
						<line number="9" hits="1"/>
						<line number="10" hits="1"/>
						<line number="11" hits="1"/>
						<line number="13" hits="1"/>
						<line number="16" hits="1"/>
						<line number="19" hits="1"/>
						<line number="22" hits="1"/>
						<line number="23" hits="1"/>
						<line number="26" hits="1"/>
						<line number="32" hits="1"/>
						<line number="35" hits="1"/>
						<line number="38" hits="1"/>
						<line number="44" hits="1"/>
						<line number="45" hits="1"/>
						<line number="47" hits="1"/>
						<line number="50" hits="1"/>
						<line number="53" hits="1"/>
						<line number="54" hits="1"/>
						<line number="57" hits="1"/>
						<line number="58" hits="1"/>
						<line number="59" hits="1"/>
						<line number="60" hits="1"/>
						<line number="62" hits="1"/>
					</lines>
				</class>
			</classes>
		</package>
		<package name="llm" line-rate="0.2586" branch-rate="0" complexity="0">
			<classes>
				<class name="__init__.py" filename="llm/__init__.py" complexity="0" line-rate="1" branch-rate="1">
					<methods/>
					<lines>
						<line number="1" hits="1"/>
						<line number="3" hits="1"/>
					</lines>
				</class>
				<class name="providers.py" filename="llm/providers.py" complexity="0" line-rate="0.2321" branch-rate="0">
					<methods/>
					<lines>
						<line number="6" hits="1"/>
						<line number="7" hits="1"/>
						<line number="8" hits="1"/>
						<line number="11" hits="1"/>
						<line number="25" hits="1"/>
						<line number="28" hits="1"/>
						<line number="44" hits="0"/>
						<line number="45" hits="0" branch="true" condition-coverage="0% (0/2)" missing-branches="46,48"/>
						<line number="46" hits="0"/>
						<line number="48" hits="0"/>
						<line number="49" hits="0"/>
						<line number="50" hits="0"/>
						<line number="53" hits="0"/>
						<line number="54" hits="0"/>
						<line number="56" hits="1"/>
						<line number="68" hits="0"/>
						<line number="70" hits="0" branch="true" condition-coverage="0% (0/2)" missing-branches="71,73"/>
						<line number="71" hits="0"/>
						<line number="73" hits="0"/>
						<line number="75" hits="0"/>
						<line number="82" hits="0"/>
						<line number="84" hits="1"/>
						<line number="86" hits="0"/>
						<line number="89" hits="1"/>
						<line number="92" hits="1"/>
						<line number="108" hits="0"/>
						<line number="109" hits="0" branch="true" condition-coverage="0% (0/2)" missing-branches="110,112"/>
						<line number="110" hits="0"/>
						<line number="112" hits="0"/>
						<line number="113" hits="0"/>
						<line number="114" hits="0"/>
						<line number="117" hits="0"/>
						<line number="118" hits="0"/>
						<line number="120" hits="1"/>
						<line number="132" hits="0"/>
						<line number="139" hits="0" branch="true" condition-coverage="0% (0/2)" missing-branches="140,142"/>
						<line number="140" hits="0"/>
						<line number="142" hits="0"/>
						<line number="144" hits="0"/>
						<line number="146" hits="1"/>
						<line number="148" hits="0"/>
						<line number="151" hits="1"/>
						<line number="172" hits="0"/>
						<line number="174" hits="0" branch="true" condition-coverage="0% (0/2)" missing-branches="175,181"/>
						<line number="175" hits="0"/>
						<line number="176" hits="0" branch="true" condition-coverage="0% (0/2)" missing-branches="177,178"/>
						<line number="177" hits="0"/>
						<line number="178" hits="0"/>
						<line number="179" hits="0"/>
						<line number="181" hits="0" branch="true" condition-coverage="0% (0/2)" missing-branches="182,189"/>
						<line number="182" hits="0"/>
						<line number="183" hits="0" branch="true" condition-coverage="0% (0/2)" missing-branches="184,185"/>
						<line number="184" hits="0"/>
						<line number="185" hits="0"/>
						<line number="186" hits="0"/>
						<line number="189" hits="0"/>
					</lines>
				</class>
			</classes>
		</package>
		<package name="prompts" line-rate="0.7792" branch-rate="0.6111" complexity="0">
			<classes>
				<class name="__init__.py" filename="prompts/__init__.py" complexity="0" line-rate="1" branch-rate="1">
					<methods/>
					<lines>
						<line number="1" hits="1"/>
						<line number="2" hits="1"/>
						<line number="4" hits="1"/>
					</lines>
				</class>
				<class name="cost.py" filename="prompts/cost.py" complexity="0" line-rate="0.6522" branch-rate="0.5">
					<methods/>
					<lines>
						<line number="5" hits="1"/>
						<line number="6" hits="1"/>
						<line number="10" hits="1"/>
						<line number="62" hits="1"/>
						<line number="78" hits="1"/>
						<line number="80" hits="1" branch="true" condition-coverage="100% (2/2)"/>
						<line number="82" hits="1"/>
						<line number="84" hits="1"/>
						<line number="85" hits="1"/>
						<line number="87" hits="1"/>
						<line number="90" hits="1"/>
						<line number="101" hits="1"/>
						<line number="103" hits="1" branch="true" condition-coverage="50% (1/2)" missing-branches="108"/>
						<line number="104" hits="1"/>
						<line number="105" hits="1"/>
						<line number="108" hits="0"/>
						<line number="109" hits="0"/>
						<line number="111" hits="0"/>
						<line number="114" hits="1"/>
						<line number="124" hits="1" branch="true" condition-coverage="50% (1/2)" missing-branches="125"/>
						<line number="125" hits="0"/>
						<line number="126" hits="1" branch="true" condition-coverage="50% (1/2)" missing-branches="127"/>
						<line number="127" hits="0"/>
						<line number="128" hits="1" branch="true" condition-coverage="50% (1/2)" missing-branches="129"/>
						<line number="129" hits="0"/>
						<line number="130" hits="1" branch="true" condition-coverage="50% (1/2)" missing-branches="133"/>
						<line number="131" hits="1"/>
						<line number="133" hits="0"/>
						<line number="136" hits="1"/>
						<line number="152" hits="1"/>
						<line number="154" hits="1"/>
						<line number="155" hits="1"/>
						<line number="156" hits="1"/>
						<line number="158" hits="1"/>
						<line number="172" hits="1"/>
						<line number="188" hits="0"/>
						<line number="189" hits="0"/>
						<line number="191" hits="0"/>
						<line number="192" hits="0" branch="true" condition-coverage="0% (0/2)" missing-branches="193,195"/>
						<line number="193" hits="0"/>
						<line number="195" hits="0"/>
						<line number="198" hits="1"/>
						<line number="208" hits="0"/>
						<line number="209" hits="0"/>
						<line number="212" hits="1"/>
						<line number="214" hits="0"/>
					</lines>
				</class>
				<class name="templates.py" filename="prompts/templates.py" complexity="0" line-rate="0.9643" branch-rate="1">
					<methods/>
					<lines>
						<line number="5" hits="1"/>
						<line number="6" hits="1"/>
						<line number="9" hits="1"/>
						<line number="10" hits="1"/>
						<line number="12" hits="1"/>
						<line number="13" hits="1"/>
						<line number="14" hits="1"/>
						<line number="15" hits="1"/>
						<line number="16" hits="1"/>
						<line number="17" hits="1"/>
						<line number="18" hits="1"/>
						<line number="19" hits="1"/>
						<line number="23" hits="1"/>
						<line number="170" hits="1"/>
						<line number="181" hits="1"/>
						<line number="183" hits="1" branch="true" condition-coverage="100% (2/2)"/>
						<line number="184" hits="1"/>
						<line number="185" hits="1"/>
						<line number="186" hits="1"/>
						<line number="188" hits="1"/>
						<line number="191" hits="1"/>
						<line number="193" hits="1" branch="true" condition-coverage="100% (2/2)"/>
						<line number="194" hits="1"/>
						<line number="195" hits="1"/>
						<line number="198" hits="1"/>
						<line number="200" hits="0"/>
						<line number="203" hits="1"/>
						<line number="205" hits="1"/>
					</lines>
				</class>
			</classes>
		</package>
	</packages>
</coverage>
